<?xml version="1.0" encoding="UTF-8"?>
<testsuite xmlns:xsi="http://www.w3.org/2001/XMLSchema-instance" xsi:noNamespaceSchemaLocation="https://maven.apache.org/surefire/maven-surefire-plugin/xsd/surefire-test-report.xsd" name="com.comparator.AppTestRunner.AppTestRunner" time="0.765" tests="2" errors="0" skipped="0" failures="0">
  <properties>
[...]
</properties>
  <testcase name="Then I read request urls from file &quot;dataTables/APIFile_B.xlsx,dataTables/APIFile_B.xlsx&quot;" classname="| dataTables/APIFile_B.xlsx | dataTables/APIFile_B.xlsx |" time="0"/>
  <testcase name="| dataTables/APIFile_B.xlsx | dataTables/APIFile_B.xlsx |" classname="| dataTables/APIFile_B.xlsx | dataTables/APIFile_B.xlsx |" time="0.001"/>
</testsuite>